<?xml version="1.0" encoding="UTF-8"?>
<!-- Generated by org.testng.reporters.JUnitReportReporter -->
<testsuite hostname="DESKTOP-T6L47BI" failures="0" tests="7" name="live_functions.A_testClass_dailyCheckPointList" time="193.064" errors="0" timestamp="2024-07-29T13:13:16 IST" skipped="0">
  <testcase classname="live_functions.A_testClass_dailyCheckPointList" name="createTestAlarmByAttributeOneTime" time="37.954">
    <system-out>
      <![CDATA[ 
The process of creating a test alarm by attribute with remindar one time is started.
test alarm created for >29.07.2024-09:43
The process of creating a test alarm by attribute with remindar one time is complete.
 ]]>
    </system-out>
  </testcase> <!-- createTestAlarmByAttributeOneTime -->
  <testcase classname="live_functions.A_testClass_dailyCheckPointList" name="createTestAlarmByAttributeRecursivedaily" time="34.995">
    <system-out>
      <![CDATA[ 
The process of creating a test alarm by attribute with remindar recursive > daily is started.
test alarm created for >29.07.2024-09:45
The process of creating a test alarm by attribute with remindar recursive > daily is complete.
 ]]>
    </system-out>
  </testcase> <!-- createTestAlarmByAttributeRecursivedaily -->
  <testcase classname="live_functions.A_testClass_dailyCheckPointList" name="detailsAboutScript" time="7.596">
    <system-out>
      <![CDATA[ 
Login  date-29.07.2024 & login  time -09:40
Logout date-29-07-2024 & logout time -09:43
 ]]>
    </system-out>
  </testcase> <!-- detailsAboutScript -->
  <testcase classname="live_functions.A_testClass_dailyCheckPointList" name="createTestAlarmByAttributeRecursiveMontlyDateWise" time="34.584">
    <system-out>
      <![CDATA[ 
The process of creating a test alarm by attribute with remindar recursive > monthly > date wise is started.
test alarm created for >29.07.2024-09:51
The process of creating a test alarm by attribute with remindar recursive > monthly > date wise is complete.
 ]]>
    </system-out>
  </testcase> <!-- createTestAlarmByAttributeRecursiveMontlyDateWise -->
  <testcase classname="live_functions.A_testClass_dailyCheckPointList" name="userDetails" time="3.505">
    <system-out>
      <![CDATA[ 
live department user # 6039-DE-andrew-deptu-2 # log in sucessfully
 ]]>
    </system-out>
  </testcase> <!-- userDetails -->
  <testcase classname="live_functions.A_testClass_dailyCheckPointList" name="testAlarmByRecursiveMonthlyDayWise" time="36.665">
    <system-out>
      <![CDATA[ 
The process of creating a test alarm by attribute with remindar recirsive > monthly > day wise is started.
test alarm created for >29.07.2024-09:49
The process of creating a test alarm by attribute with remindar recirsive > monthly > day wise is complete.
 ]]>
    </system-out>
  </testcase> <!-- testAlarmByRecursiveMonthlyDayWise -->
  <testcase classname="live_functions.A_testClass_dailyCheckPointList" name="createTestAlarmByAttributeRecursiveWeekly" time="37.765">
    <system-out>
      <![CDATA[ 
The process of creating a test alarm by attribute with remindar recursive > weekly is started.
test alarm created for >29.07.2024-09:48
The process of creating a test alarm by attribute with remindar recursive > weekly is complete.
 ]]>
    </system-out>
  </testcase> <!-- createTestAlarmByAttributeRecursiveWeekly -->
  <system-out>
    <![CDATA[Hello, Daily check point checking process has started.-29.07.2024>09:40
 
Todays is 5 Monday of this month.
 
 
live department user # 6039-DE-andrew-deptu-2 # log in sucessfully
 
 
The process of creating a test alarm by attribute with remindar one time is started.
test alarm created for >29.07.2024-09:43
The process of creating a test alarm by attribute with remindar one time is complete.
 
 
The process of creating a test alarm by attribute with remindar recursive > daily is started.
test alarm created for >29.07.2024-09:45
The process of creating a test alarm by attribute with remindar recursive > daily is complete.
 
 
The process of creating a test alarm by attribute with remindar recursive > weekly is started.
test alarm created for >29.07.2024-09:48
The process of creating a test alarm by attribute with remindar recursive > weekly is complete.
 
 
The process of creating a test alarm by attribute with remindar recirsive > monthly > day wise is started.
test alarm created for >29.07.2024-09:49
The process of creating a test alarm by attribute with remindar recirsive > monthly > day wise is complete.
 
 
The process of creating a test alarm by attribute with remindar recursive > monthly > date wise is started.
test alarm created for >29.07.2024-09:51
The process of creating a test alarm by attribute with remindar recursive > monthly > date wise is complete.
 
 
Login  date-29.07.2024 & login  time -09:40
Logout date-29-07-2024 & logout time -09:43
 
Logout sucessfully.
 
Browser close sucessfully.
 ]]>
  </system-out>
</testsuite> <!-- live_functions.A_testClass_dailyCheckPointList -->
